# JRE version: OpenJDK Runtime Environment (21.0.5) (build 21.0.5+-13047016-b750.29)
# Java VM: OpenJDK 64-Bit Server VM (21.0.5+-13047016-b750.29, mixed mode, tiered, compressed oops, compressed class ptrs, g1 gc, windows-amd64)
GC Precious Log:
 CardTable entry size: 512
 Card Set container configuration: InlinePtr #cards 5 size 8 Array Of Cards #cards 12 size 40 Howl #buckets 4 coarsen threshold 1843 Howl Bitmap #cards 512 size 80 coarsen threshold 460 Card regions per heap region 1 cards per card region 2048
 CPUs: 12 total, 12 available
 Memory: 7518M
 Large Page Support: Disabled
 NUMA Support: Disabled
 Compressed Oops: Enabled (32-bit)
 Heap Region Size: 1M
 Heap Min Capacity: 8M
 Heap Initial Capacity: 118M
 Heap Max Capacity: 2G
 Pre-touch: Disabled
 Parallel Workers: 10
 Concurrent Workers: 3
 Concurrent Refinement Workers: 10
 Periodic GC: Disabled
Heap:
 garbage-first heap   total 86016K, used 58540K [0x0000000080000000, 0x0000000100000000)
  region size 1024K, 21 young (21504K), 5 survivors (5120K)
 Metaspace       used 68812K, committed 70592K, reserved 491520K
  class space    used 9425K, committed 10304K, reserved 425984K
GC Heap History (20 events):
Event: 4.252 GC heap before
{Heap before GC invocations=6 (full 0):
 garbage-first heap   total 71680K, used 55064K [0x0000000080000000, 0x0000000100000000)
  region size 1024K, 38 young (38912K), 5 survivors (5120K)
 Metaspace       used 32148K, committed 32896K, reserved 491520K
  class space    used 4207K, committed 4544K, reserved 425984K
}
Event: 4.260 GC heap after
{Heap after GC invocations=7 (full 0):
 garbage-first heap   total 71680K, used 24972K [0x0000000080000000, 0x0000000100000000)
  region size 1024K, 5 young (5120K), 5 survivors (5120K)
 Metaspace       used 32148K, committed 32896K, reserved 491520K
  class space    used 4207K, committed 4544K, reserved 425984K
}
Event: 4.627 GC heap before
{Heap before GC invocations=7 (full 0):
 garbage-first heap   total 71680K, used 45452K [0x0000000080000000, 0x0000000100000000)
  region size 1024K, 26 young (26624K), 5 survivors (5120K)
 Metaspace       used 35108K, committed 35968K, reserved 491520K
  class space    used 4675K, committed 5056K, reserved 425984K
}
Event: 4.631 GC heap after
{Heap after GC invocations=8 (full 0):
 garbage-first heap   total 71680K, used 25837K [0x0000000080000000, 0x0000000100000000)
  region size 1024K, 2 young (2048K), 2 survivors (2048K)
 Metaspace       used 35108K, committed 35968K, reserved 491520K
  class space    used 4675K, committed 5056K, reserved 425984K
}
Event: 5.161 GC heap before
{Heap before GC invocations=9 (full 0):
 garbage-first heap   total 71680K, used 57581K [0x0000000080000000, 0x0000000100000000)
  region size 1024K, 34 young (34816K), 2 survivors (2048K)
 Metaspace       used 42114K, committed 43008K, reserved 491520K
  class space    used 5494K, committed 5952K, reserved 425984K
}
Event: 5.165 GC heap after
{Heap after GC invocations=10 (full 0):
 garbage-first heap   total 86016K, used 29193K [0x0000000080000000, 0x0000000100000000)
  region size 1024K, 5 young (5120K), 5 survivors (5120K)
 Metaspace       used 42114K, committed 43008K, reserved 491520K
  class space    used 5494K, committed 5952K, reserved 425984K
}
Event: 5.810 GC heap before
{Heap before GC invocations=10 (full 0):
 garbage-first heap   total 86016K, used 74249K [0x0000000080000000, 0x0000000100000000)
  region size 1024K, 45 young (46080K), 5 survivors (5120K)
 Metaspace       used 45834K, committed 46848K, reserved 491520K
  class space    used 5979K, committed 6464K, reserved 425984K
}
Event: 5.816 GC heap after
{Heap after GC invocations=11 (full 0):
 garbage-first heap   total 86016K, used 31873K [0x0000000080000000, 0x0000000100000000)
  region size 1024K, 4 young (4096K), 4 survivors (4096K)
 Metaspace       used 45834K, committed 46848K, reserved 491520K
  class space    used 5979K, committed 6464K, reserved 425984K
}
Event: 6.562 GC heap before
{Heap before GC invocations=11 (full 0):
 garbage-first heap   total 86016K, used 72833K [0x0000000080000000, 0x0000000100000000)
  region size 1024K, 44 young (45056K), 4 survivors (4096K)
 Metaspace       used 50813K, committed 52224K, reserved 491520K
  class space    used 6778K, committed 7488K, reserved 425984K
}
Event: 6.566 GC heap after
{Heap after GC invocations=12 (full 0):
 garbage-first heap   total 86016K, used 34514K [0x0000000080000000, 0x0000000100000000)
  region size 1024K, 6 young (6144K), 6 survivors (6144K)
 Metaspace       used 50813K, committed 52224K, reserved 491520K
  class space    used 6778K, committed 7488K, reserved 425984K
}
Event: 7.004 GC heap before
{Heap before GC invocations=12 (full 0):
 garbage-first heap   total 86016K, used 75474K [0x0000000080000000, 0x0000000100000000)
  region size 1024K, 45 young (46080K), 6 survivors (6144K)
 Metaspace       used 53325K, committed 54784K, reserved 491520K
  class space    used 7041K, committed 7808K, reserved 425984K
}
Event: 7.008 GC heap after
{Heap after GC invocations=13 (full 0):
 garbage-first heap   total 86016K, used 36490K [0x0000000080000000, 0x0000000100000000)
  region size 1024K, 5 young (5120K), 5 survivors (5120K)
 Metaspace       used 53325K, committed 54784K, reserved 491520K
  class space    used 7041K, committed 7808K, reserved 425984K
}
Event: 7.827 GC heap before
{Heap before GC invocations=13 (full 0):
 garbage-first heap   total 86016K, used 75402K [0x0000000080000000, 0x0000000100000000)
  region size 1024K, 43 young (44032K), 5 survivors (5120K)
 Metaspace       used 57823K, committed 59392K, reserved 491520K
  class space    used 7754K, committed 8512K, reserved 425984K
}
Event: 7.832 GC heap after
{Heap after GC invocations=14 (full 0):
 garbage-first heap   total 86016K, used 38073K [0x0000000080000000, 0x0000000100000000)
  region size 1024K, 4 young (4096K), 4 survivors (4096K)
 Metaspace       used 57823K, committed 59392K, reserved 491520K
  class space    used 7754K, committed 8512K, reserved 425984K
}
Event: 7.993 GC heap before
{Heap before GC invocations=14 (full 0):
 garbage-first heap   total 86016K, used 44217K [0x0000000080000000, 0x0000000100000000)
  region size 1024K, 11 young (11264K), 4 survivors (4096K)
 Metaspace       used 58588K, committed 60096K, reserved 491520K
  class space    used 7887K, committed 8640K, reserved 425984K
}
Event: 7.997 GC heap after
{Heap after GC invocations=15 (full 0):
 garbage-first heap   total 86016K, used 38749K [0x0000000080000000, 0x0000000100000000)
  region size 1024K, 3 young (3072K), 3 survivors (3072K)
 Metaspace       used 58588K, committed 60096K, reserved 491520K
  class space    used 7887K, committed 8640K, reserved 425984K
}
Event: 8.663 GC heap before
{Heap before GC invocations=16 (full 0):
 garbage-first heap   total 86016K, used 76637K [0x0000000080000000, 0x0000000100000000)
  region size 1024K, 40 young (40960K), 3 survivors (3072K)
 Metaspace       used 63118K, committed 64704K, reserved 491520K
  class space    used 8536K, committed 9280K, reserved 425984K
}
Event: 8.667 GC heap after
{Heap after GC invocations=17 (full 0):
 garbage-first heap   total 86016K, used 41025K [0x0000000080000000, 0x0000000100000000)
  region size 1024K, 5 young (5120K), 5 survivors (5120K)
 Metaspace       used 63118K, committed 64704K, reserved 491520K
  class space    used 8536K, committed 9280K, reserved 425984K
}
Event: 9.419 GC heap before
{Heap before GC invocations=17 (full 0):
 garbage-first heap   total 86016K, used 74817K [0x0000000080000000, 0x0000000100000000)
  region size 1024K, 38 young (38912K), 5 survivors (5120K)
 Metaspace       used 67344K, committed 69120K, reserved 491520K
  class space    used 9206K, committed 10112K, reserved 425984K
}
Event: 9.423 GC heap after
{Heap after GC invocations=18 (full 0):
 garbage-first heap   total 86016K, used 43180K [0x0000000080000000, 0x0000000100000000)
  region size 1024K, 5 young (5120K), 5 survivors (5120K)
 Metaspace       used 67344K, committed 69120K, reserved 491520K
  class space    used 9206K, committed 10112K, reserved 425984K
}

