# JRE version: OpenJDK Runtime Environment (21.0.5) (build 21.0.5+-13047016-b750.29)
# Java VM: OpenJDK 64-Bit Server VM (21.0.5+-13047016-b750.29, mixed mode, tiered, compressed oops, compressed class ptrs, g1 gc, windows-amd64)
GC Precious Log:
 CardTable entry size: 512
 Card Set container configuration: InlinePtr #cards 5 size 8 Array Of Cards #cards 12 size 40 Howl #buckets 4 coarsen threshold 1843 Howl Bitmap #cards 512 size 80 coarsen threshold 460 Card regions per heap region 1 cards per card region 2048
 CPUs: 12 total, 12 available
 Memory: 7518M
 Large Page Support: Disabled
 NUMA Support: Disabled
 Compressed Oops: Enabled (32-bit)
 Heap Region Size: 1M
 Heap Min Capacity: 8M
 Heap Initial Capacity: 118M
 Heap Max Capacity: 2G
 Pre-touch: Disabled
 Parallel Workers: 10
 Concurrent Workers: 3
 Concurrent Refinement Workers: 10
 Periodic GC: Disabled
Heap:
 garbage-first heap   total 89088K, used 76098K [0x0000000080000000, 0x0000000100000000)
  region size 1024K, 55 young (56320K), 4 survivors (4096K)
 Metaspace       used 42795K, committed 43840K, reserved 491520K
  class space    used 5569K, committed 6080K, reserved 425984K
GC Heap History (14 events):
Event: 0.669 GC heap before
{Heap before GC invocations=0 (full 0):
 garbage-first heap   total 120832K, used 22528K [0x0000000080000000, 0x0000000100000000)
  region size 1024K, 23 young (23552K), 0 survivors (0K)
 Metaspace       used 7970K, committed 8128K, reserved 491520K
  class space    used 712K, committed 768K, reserved 425984K
}
Event: 0.677 GC heap after
{Heap after GC invocations=1 (full 0):
 garbage-first heap   total 120832K, used 2688K [0x0000000080000000, 0x0000000100000000)
  region size 1024K, 3 young (3072K), 3 survivors (3072K)
 Metaspace       used 7970K, committed 8128K, reserved 491520K
  class space    used 712K, committed 768K, reserved 425984K
}
Event: 1.545 GC heap before
{Heap before GC invocations=1 (full 0):
 garbage-first heap   total 120832K, used 39552K [0x0000000080000000, 0x0000000100000000)
  region size 1024K, 37 young (37888K), 3 survivors (3072K)
 Metaspace       used 12199K, committed 12416K, reserved 491520K
  class space    used 1287K, committed 1408K, reserved 425984K
}
Event: 1.559 GC heap after
{Heap after GC invocations=2 (full 0):
 garbage-first heap   total 120832K, used 10626K [0x0000000080000000, 0x0000000100000000)
  region size 1024K, 5 young (5120K), 5 survivors (5120K)
 Metaspace       used 12199K, committed 12416K, reserved 491520K
  class space    used 1287K, committed 1408K, reserved 425984K
}
Event: 2.381 GC heap before
{Heap before GC invocations=2 (full 0):
 garbage-first heap   total 120832K, used 57730K [0x0000000080000000, 0x0000000100000000)
  region size 1024K, 49 young (50176K), 5 survivors (5120K)
 Metaspace       used 12922K, committed 13184K, reserved 491520K
  class space    used 1407K, committed 1536K, reserved 425984K
}
Event: 2.394 GC heap after
{Heap after GC invocations=3 (full 0):
 garbage-first heap   total 120832K, used 16199K [0x0000000080000000, 0x0000000100000000)
  region size 1024K, 5 young (5120K), 5 survivors (5120K)
 Metaspace       used 12922K, committed 13184K, reserved 491520K
  class space    used 1407K, committed 1536K, reserved 425984K
}
Event: 3.648 GC heap before
{Heap before GC invocations=3 (full 0):
 garbage-first heap   total 120832K, used 43847K [0x0000000080000000, 0x0000000100000000)
  region size 1024K, 33 young (33792K), 5 survivors (5120K)
 Metaspace       used 21163K, committed 21504K, reserved 491520K
  class space    used 2448K, committed 2624K, reserved 425984K
}
Event: 3.653 GC heap after
{Heap after GC invocations=4 (full 0):
 garbage-first heap   total 120832K, used 19873K [0x0000000080000000, 0x0000000100000000)
  region size 1024K, 8 young (8192K), 8 survivors (8192K)
 Metaspace       used 21163K, committed 21504K, reserved 491520K
  class space    used 2448K, committed 2624K, reserved 425984K
}
Event: 6.209 GC heap before
{Heap before GC invocations=5 (full 0):
 garbage-first heap   total 68608K, used 68001K [0x0000000080000000, 0x0000000100000000)
  region size 1024K, 55 young (56320K), 8 survivors (8192K)
 Metaspace       used 28956K, committed 29568K, reserved 491520K
  class space    used 3664K, committed 3968K, reserved 425984K
}
Event: 6.220 GC heap after
{Heap after GC invocations=6 (full 0):
 garbage-first heap   total 97280K, used 22864K [0x0000000080000000, 0x0000000100000000)
  region size 1024K, 7 young (7168K), 7 survivors (7168K)
 Metaspace       used 28956K, committed 29568K, reserved 491520K
  class space    used 3664K, committed 3968K, reserved 425984K
}
Event: 7.173 GC heap before
{Heap before GC invocations=6 (full 0):
 garbage-first heap   total 97280K, used 68944K [0x0000000080000000, 0x0000000100000000)
  region size 1024K, 53 young (54272K), 7 survivors (7168K)
 Metaspace       used 35121K, committed 35968K, reserved 491520K
  class space    used 4675K, committed 5056K, reserved 425984K
}
Event: 7.180 GC heap after
{Heap after GC invocations=7 (full 0):
 garbage-first heap   total 97280K, used 25720K [0x0000000080000000, 0x0000000100000000)
  region size 1024K, 6 young (6144K), 6 survivors (6144K)
 Metaspace       used 35121K, committed 35968K, reserved 491520K
  class space    used 4675K, committed 5056K, reserved 425984K
}
Event: 7.223 GC heap before
{Heap before GC invocations=7 (full 0):
 garbage-first heap   total 97280K, used 27768K [0x0000000080000000, 0x0000000100000000)
  region size 1024K, 9 young (9216K), 6 survivors (6144K)
 Metaspace       used 35502K, committed 36288K, reserved 491520K
  class space    used 4734K, committed 5120K, reserved 425984K
}
Event: 7.226 GC heap after
{Heap after GC invocations=8 (full 0):
 garbage-first heap   total 97280K, used 25922K [0x0000000080000000, 0x0000000100000000)
  region size 1024K, 4 young (4096K), 4 survivors (4096K)
 Metaspace       used 35502K, committed 36288K, reserved 491520K
  class space    used 4734K, committed 5120K, reserved 425984K
}

