# JRE version: OpenJDK Runtime Environment (21.0.5) (build 21.0.5+-13047016-b750.29)
# Java VM: OpenJDK 64-Bit Server VM (21.0.5+-13047016-b750.29, mixed mode, tiered, compressed oops, compressed class ptrs, g1 gc, windows-amd64)
GC Precious Log:
 CardTable entry size: 512
 Card Set container configuration: InlinePtr #cards 5 size 8 Array Of Cards #cards 12 size 40 Howl #buckets 4 coarsen threshold 1843 Howl Bitmap #cards 512 size 80 coarsen threshold 460 Card regions per heap region 1 cards per card region 2048
 CPUs: 12 total, 12 available
 Memory: 7518M
 Large Page Support: Disabled
 NUMA Support: Disabled
 Compressed Oops: Enabled (32-bit)
 Heap Region Size: 1M
 Heap Min Capacity: 8M
 Heap Initial Capacity: 118M
 Heap Max Capacity: 2G
 Pre-touch: Disabled
 Parallel Workers: 10
 Concurrent Workers: 3
 Concurrent Refinement Workers: 10
 Periodic GC: Disabled
Heap:
 garbage-first heap   total 198656K, used 166104K [0x0000000080000000, 0x0000000100000000)
  region size 1024K, 51 young (52224K), 3 survivors (3072K)
 Metaspace       used 114823K, committed 117248K, reserved 557056K
  class space    used 15718K, committed 16896K, reserved 425984K
GC Heap History (20 events):
Event: 18.571 GC heap before
{Heap before GC invocations=31 (full 0):
 garbage-first heap   total 140288K, used 111609K [0x0000000080000000, 0x0000000100000000)
  region size 1024K, 33 young (33792K), 5 survivors (5120K)
 Metaspace       used 91448K, committed 93696K, reserved 557056K
  class space    used 12566K, committed 13696K, reserved 425984K
}
Event: 18.576 GC heap after
{Heap after GC invocations=32 (full 0):
 garbage-first heap   total 140288K, used 85276K [0x0000000080000000, 0x0000000100000000)
  region size 1024K, 3 young (3072K), 3 survivors (3072K)
 Metaspace       used 91448K, committed 93696K, reserved 557056K
  class space    used 12566K, committed 13696K, reserved 425984K
}
Event: 18.908 GC heap before
{Heap before GC invocations=32 (full 0):
 garbage-first heap   total 140288K, used 125212K [0x0000000080000000, 0x0000000100000000)
  region size 1024K, 43 young (44032K), 3 survivors (3072K)
 Metaspace       used 91477K, committed 93760K, reserved 557056K
  class space    used 12566K, committed 13696K, reserved 425984K
}
Event: 18.913 GC heap after
{Heap after GC invocations=33 (full 0):
 garbage-first heap   total 168960K, used 84123K [0x0000000080000000, 0x0000000100000000)
  region size 1024K, 4 young (4096K), 4 survivors (4096K)
 Metaspace       used 91477K, committed 93760K, reserved 557056K
  class space    used 12566K, committed 13696K, reserved 425984K
}
Event: 19.401 GC heap before
{Heap before GC invocations=33 (full 0):
 garbage-first heap   total 168960K, used 145563K [0x0000000080000000, 0x0000000100000000)
  region size 1024K, 65 young (66560K), 4 survivors (4096K)
 Metaspace       used 91483K, committed 93760K, reserved 557056K
  class space    used 12566K, committed 13696K, reserved 425984K
}
Event: 19.408 GC heap after
{Heap after GC invocations=34 (full 0):
 garbage-first heap   total 168960K, used 85235K [0x0000000080000000, 0x0000000100000000)
  region size 1024K, 5 young (5120K), 5 survivors (5120K)
 Metaspace       used 91483K, committed 93760K, reserved 557056K
  class space    used 12566K, committed 13696K, reserved 425984K
}
Event: 19.655 GC heap before
{Heap before GC invocations=34 (full 0):
 garbage-first heap   total 168960K, used 97523K [0x0000000080000000, 0x0000000100000000)
  region size 1024K, 19 young (19456K), 5 survivors (5120K)
 Metaspace       used 91516K, committed 93760K, reserved 557056K
  class space    used 12569K, committed 13696K, reserved 425984K
}
Event: 19.660 GC heap after
{Heap after GC invocations=35 (full 0):
 garbage-first heap   total 168960K, used 85922K [0x0000000080000000, 0x0000000100000000)
  region size 1024K, 5 young (5120K), 5 survivors (5120K)
 Metaspace       used 91516K, committed 93760K, reserved 557056K
  class space    used 12569K, committed 13696K, reserved 425984K
}
Event: 20.899 GC heap before
{Heap before GC invocations=36 (full 0):
 garbage-first heap   total 168960K, used 158626K [0x0000000080000000, 0x0000000100000000)
  region size 1024K, 70 young (71680K), 5 survivors (5120K)
 Metaspace       used 96414K, committed 98624K, reserved 557056K
  class space    used 13113K, committed 14208K, reserved 425984K
}
Event: 20.904 GC heap after
{Heap after GC invocations=37 (full 0):
 garbage-first heap   total 172032K, used 98438K [0x0000000080000000, 0x0000000100000000)
  region size 1024K, 9 young (9216K), 9 survivors (9216K)
 Metaspace       used 96414K, committed 98624K, reserved 557056K
  class space    used 13113K, committed 14208K, reserved 425984K
}
Event: 21.622 GC heap before
{Heap before GC invocations=37 (full 0):
 garbage-first heap   total 172032K, used 157830K [0x0000000080000000, 0x0000000100000000)
  region size 1024K, 62 young (63488K), 9 survivors (9216K)
 Metaspace       used 100242K, committed 102528K, reserved 557056K
  class space    used 13590K, committed 14720K, reserved 425984K
}
Event: 21.635 GC heap after
{Heap after GC invocations=38 (full 0):
 garbage-first heap   total 176128K, used 104473K [0x0000000080000000, 0x0000000100000000)
  region size 1024K, 6 young (6144K), 6 survivors (6144K)
 Metaspace       used 100242K, committed 102528K, reserved 557056K
  class space    used 13590K, committed 14720K, reserved 425984K
}
Event: 22.165 GC heap before
{Heap before GC invocations=38 (full 0):
 garbage-first heap   total 176128K, used 142361K [0x0000000080000000, 0x0000000100000000)
  region size 1024K, 45 young (46080K), 6 survivors (6144K)
 Metaspace       used 103617K, committed 105792K, reserved 557056K
  class space    used 13984K, committed 15040K, reserved 425984K
}
Event: 22.172 GC heap after
{Heap after GC invocations=39 (full 0):
 garbage-first heap   total 176128K, used 106483K [0x0000000080000000, 0x0000000100000000)
  region size 1024K, 3 young (3072K), 3 survivors (3072K)
 Metaspace       used 103617K, committed 105792K, reserved 557056K
  class space    used 13984K, committed 15040K, reserved 425984K
}
Event: 23.025 GC heap before
{Heap before GC invocations=40 (full 0):
 garbage-first heap   total 183296K, used 162803K [0x0000000080000000, 0x0000000100000000)
  region size 1024K, 57 young (58368K), 3 survivors (3072K)
 Metaspace       used 107581K, committed 109888K, reserved 557056K
  class space    used 14556K, committed 15680K, reserved 425984K
}
Event: 23.029 GC heap after
{Heap after GC invocations=41 (full 0):
 garbage-first heap   total 183296K, used 109993K [0x0000000080000000, 0x0000000100000000)
  region size 1024K, 4 young (4096K), 4 survivors (4096K)
 Metaspace       used 107581K, committed 109888K, reserved 557056K
  class space    used 14556K, committed 15680K, reserved 425984K
}
Event: 23.612 GC heap before
{Heap before GC invocations=41 (full 0):
 garbage-first heap   total 183296K, used 168361K [0x0000000080000000, 0x0000000100000000)
  region size 1024K, 61 young (62464K), 4 survivors (4096K)
 Metaspace       used 108573K, committed 110848K, reserved 557056K
  class space    used 14702K, committed 15808K, reserved 425984K
}
Event: 23.621 GC heap after
{Heap after GC invocations=42 (full 0):
 garbage-first heap   total 183296K, used 113873K [0x0000000080000000, 0x0000000100000000)
  region size 1024K, 8 young (8192K), 8 survivors (8192K)
 Metaspace       used 108573K, committed 110848K, reserved 557056K
  class space    used 14702K, committed 15808K, reserved 425984K
}
Event: 24.256 GC heap before
{Heap before GC invocations=42 (full 0):
 garbage-first heap   total 183296K, used 156881K [0x0000000080000000, 0x0000000100000000)
  region size 1024K, 51 young (52224K), 8 survivors (8192K)
 Metaspace       used 111455K, committed 113792K, reserved 557056K
  class space    used 15107K, committed 16256K, reserved 425984K
}
Event: 24.265 GC heap after
{Heap after GC invocations=43 (full 0):
 garbage-first heap   total 183296K, used 116952K [0x0000000080000000, 0x0000000100000000)
  region size 1024K, 3 young (3072K), 3 survivors (3072K)
 Metaspace       used 111455K, committed 113792K, reserved 557056K
  class space    used 15107K, committed 16256K, reserved 425984K
}

