# JRE version: OpenJDK Runtime Environment (21.0.5) (build 21.0.5+-13047016-b750.29)
# Java VM: OpenJDK 64-Bit Server VM (21.0.5+-13047016-b750.29, mixed mode, tiered, compressed oops, compressed class ptrs, g1 gc, windows-amd64)
GC Precious Log:
 CardTable entry size: 512
 Card Set container configuration: InlinePtr #cards 5 size 8 Array Of Cards #cards 12 size 40 Howl #buckets 4 coarsen threshold 1843 Howl Bitmap #cards 512 size 80 coarsen threshold 460 Card regions per heap region 1 cards per card region 2048
 CPUs: 12 total, 12 available
 Memory: 7518M
 Large Page Support: Disabled
 NUMA Support: Disabled
 Compressed Oops: Enabled (32-bit)
 Heap Region Size: 1M
 Heap Min Capacity: 8M
 Heap Initial Capacity: 118M
 Heap Max Capacity: 2G
 Pre-touch: Disabled
 Parallel Workers: 10
 Concurrent Workers: 3
 Concurrent Refinement Workers: 10
 Periodic GC: Disabled
Heap:
 garbage-first heap   total 336896K, used 260116K [0x0000000080000000, 0x0000000100000000)
  region size 1024K, 50 young (51200K), 11 survivors (11264K)
 Metaspace       used 131057K, committed 133696K, reserved 557056K
  class space    used 17933K, committed 19264K, reserved 425984K
GC Heap History (20 events):
Event: 23.062 GC heap before
{Heap before GC invocations=57 (full 0):
 garbage-first heap   total 245760K, used 163608K [0x0000000080000000, 0x0000000100000000)
  region size 1024K, 22 young (22528K), 5 survivors (5120K)
 Metaspace       used 124021K, committed 126528K, reserved 557056K
  class space    used 16947K, committed 18176K, reserved 425984K
}
Event: 23.066 GC heap after
{Heap after GC invocations=58 (full 0):
 garbage-first heap   total 245760K, used 148750K [0x0000000080000000, 0x0000000100000000)
  region size 1024K, 7 young (7168K), 7 survivors (7168K)
 Metaspace       used 124021K, committed 126528K, reserved 557056K
  class space    used 16947K, committed 18176K, reserved 425984K
}
Event: 24.035 GC heap before
{Heap before GC invocations=59 (full 0):
 garbage-first heap   total 254976K, used 226574K [0x0000000080000000, 0x0000000100000000)
  region size 1024K, 80 young (81920K), 7 survivors (7168K)
 Metaspace       used 124895K, committed 127488K, reserved 557056K
  class space    used 17074K, committed 18368K, reserved 425984K
}
Event: 24.043 GC heap after
{Heap after GC invocations=60 (full 0):
 garbage-first heap   total 254976K, used 163648K [0x0000000080000000, 0x0000000100000000)
  region size 1024K, 10 young (10240K), 10 survivors (10240K)
 Metaspace       used 124895K, committed 127488K, reserved 557056K
  class space    used 17074K, committed 18368K, reserved 425984K
}
Event: 24.222 GC heap before
{Heap before GC invocations=60 (full 0):
 garbage-first heap   total 254976K, used 230208K [0x0000000080000000, 0x0000000100000000)
  region size 1024K, 76 young (77824K), 10 survivors (10240K)
 Metaspace       used 124895K, committed 127488K, reserved 557056K
  class space    used 17074K, committed 18368K, reserved 425984K
}
Event: 24.229 GC heap after
{Heap after GC invocations=61 (full 0):
 garbage-first heap   total 254976K, used 165061K [0x0000000080000000, 0x0000000100000000)
  region size 1024K, 4 young (4096K), 4 survivors (4096K)
 Metaspace       used 124895K, committed 127488K, reserved 557056K
  class space    used 17074K, committed 18368K, reserved 425984K
}
Event: 24.310 GC heap before
{Heap before GC invocations=61 (full 0):
 garbage-first heap   total 254976K, used 176325K [0x0000000080000000, 0x0000000100000000)
  region size 1024K, 17 young (17408K), 4 survivors (4096K)
 Metaspace       used 124918K, committed 127552K, reserved 557056K
  class space    used 17076K, committed 18368K, reserved 425984K
}
Event: 24.314 GC heap after
{Heap after GC invocations=62 (full 0):
 garbage-first heap   total 254976K, used 165803K [0x0000000080000000, 0x0000000100000000)
  region size 1024K, 5 young (5120K), 5 survivors (5120K)
 Metaspace       used 124918K, committed 127552K, reserved 557056K
  class space    used 17076K, committed 18368K, reserved 425984K
}
Event: 24.945 GC heap before
{Heap before GC invocations=63 (full 0):
 garbage-first heap   total 280576K, used 233387K [0x0000000080000000, 0x0000000100000000)
  region size 1024K, 71 young (72704K), 5 survivors (5120K)
 Metaspace       used 125240K, committed 127808K, reserved 557056K
  class space    used 17102K, committed 18368K, reserved 425984K
}
Event: 24.952 GC heap after
{Heap after GC invocations=64 (full 0):
 garbage-first heap   total 280576K, used 174662K [0x0000000080000000, 0x0000000100000000)
  region size 1024K, 9 young (9216K), 9 survivors (9216K)
 Metaspace       used 125240K, committed 127808K, reserved 557056K
  class space    used 17102K, committed 18368K, reserved 425984K
}
Event: 25.169 GC heap before
{Heap before GC invocations=64 (full 0):
 garbage-first heap   total 280576K, used 247366K [0x0000000080000000, 0x0000000100000000)
  region size 1024K, 81 young (82944K), 9 survivors (9216K)
 Metaspace       used 125240K, committed 127808K, reserved 557056K
  class space    used 17102K, committed 18368K, reserved 425984K
}
Event: 25.178 GC heap after
{Heap after GC invocations=65 (full 0):
 garbage-first heap   total 280576K, used 177627K [0x0000000080000000, 0x0000000100000000)
  region size 1024K, 4 young (4096K), 4 survivors (4096K)
 Metaspace       used 125240K, committed 127808K, reserved 557056K
  class space    used 17102K, committed 18368K, reserved 425984K
}
Event: 26.192 GC heap before
{Heap before GC invocations=65 (full 0):
 garbage-first heap   total 280576K, used 213467K [0x0000000080000000, 0x0000000100000000)
  region size 1024K, 41 young (41984K), 4 survivors (4096K)
 Metaspace       used 125330K, committed 127872K, reserved 557056K
  class space    used 17116K, committed 18368K, reserved 425984K
}
Event: 26.309 GC heap after
{Heap after GC invocations=66 (full 0):
 garbage-first heap   total 336896K, used 179065K [0x0000000080000000, 0x0000000100000000)
  region size 1024K, 6 young (6144K), 6 survivors (6144K)
 Metaspace       used 125330K, committed 127872K, reserved 557056K
  class space    used 17116K, committed 18368K, reserved 425984K
}
Event: 27.755 GC heap before
{Heap before GC invocations=66 (full 0):
 garbage-first heap   total 336896K, used 283513K [0x0000000080000000, 0x0000000100000000)
  region size 1024K, 105 young (107520K), 6 survivors (6144K)
 Metaspace       used 129020K, committed 131648K, reserved 557056K
  class space    used 17674K, committed 18944K, reserved 425984K
}
Event: 27.764 GC heap after
{Heap after GC invocations=67 (full 0):
 garbage-first heap   total 336896K, used 194639K [0x0000000080000000, 0x0000000100000000)
  region size 1024K, 14 young (14336K), 14 survivors (14336K)
 Metaspace       used 129020K, committed 131648K, reserved 557056K
  class space    used 17674K, committed 18944K, reserved 425984K
}
Event: 28.682 GC heap before
{Heap before GC invocations=67 (full 0):
 garbage-first heap   total 336896K, used 291919K [0x0000000080000000, 0x0000000100000000)
  region size 1024K, 109 young (111616K), 14 survivors (14336K)
 Metaspace       used 130949K, committed 133568K, reserved 557056K
  class space    used 17923K, committed 19200K, reserved 425984K
}
Event: 28.697 GC heap after
{Heap after GC invocations=68 (full 0):
 garbage-first heap   total 336896K, used 210682K [0x0000000080000000, 0x0000000100000000)
  region size 1024K, 14 young (14336K), 14 survivors (14336K)
 Metaspace       used 130949K, committed 133568K, reserved 557056K
  class space    used 17923K, committed 19200K, reserved 425984K
}
Event: 29.223 GC heap before
{Heap before GC invocations=68 (full 0):
 garbage-first heap   total 336896K, used 300794K [0x0000000080000000, 0x0000000100000000)
  region size 1024K, 103 young (105472K), 14 survivors (14336K)
 Metaspace       used 131057K, committed 133696K, reserved 557056K
  class space    used 17933K, committed 19264K, reserved 425984K
}
Event: 29.235 GC heap after
{Heap after GC invocations=69 (full 0):
 garbage-first heap   total 336896K, used 222228K [0x0000000080000000, 0x0000000100000000)
  region size 1024K, 11 young (11264K), 11 survivors (11264K)
 Metaspace       used 131057K, committed 133696K, reserved 557056K
  class space    used 17933K, committed 19264K, reserved 425984K
}

